Determining if the function crc32c_value exists in the crc32c failed with the following output:
Change Dir: /Users/reebdeve/CLionProjects/CatLog/cmake-build-debug/CMakeFiles/CMakeTmp

Run Build Command(s):/usr/bin/make -f Makefile cmTC_fa30b/fast && /Library/Developer/CommandLineTools/usr/bin/make  -f CMakeFiles/cmTC_fa30b.dir/build.make CMakeFiles/cmTC_fa30b.dir/build
Building C object CMakeFiles/cmTC_fa30b.dir/CheckFunctionExists.c.o
/opt/homebrew/Cellar/gcc/11.2.0/bin/gcc-11   -DCHECK_FUNCTION_EXISTS=crc32c_value -arch arm64 -isysroot /Library/Developer/CommandLineTools/SDKs/MacOSX12.3.sdk -std=c11 -o CMakeFiles/cmTC_fa30b.dir/CheckFunctionExists.c.o -c /Applications/CLion.app/Contents/bin/cmake/mac/share/cmake-3.20/Modules/CheckFunctionExists.c
Linking C executable cmTC_fa30b
/Applications/CLion.app/Contents/bin/cmake/mac/bin/cmake -E cmake_link_script CMakeFiles/cmTC_fa30b.dir/link.txt --verbose=1
/opt/homebrew/Cellar/gcc/11.2.0/bin/gcc-11  -DCHECK_FUNCTION_EXISTS=crc32c_value -arch arm64 -isysroot /Library/Developer/CommandLineTools/SDKs/MacOSX12.3.sdk -Wl,-search_paths_first -Wl,-headerpad_max_install_names CMakeFiles/cmTC_fa30b.dir/CheckFunctionExists.c.o -o cmTC_fa30b  -lcrc32c 
ld: library not found for -lcrc32c
collect2: error: ld returned 1 exit status
make[1]: *** [cmTC_fa30b] Error 1
make: *** [cmTC_fa30b/fast] Error 2



Determining if the function snappy_compress exists in the snappy failed with the following output:
Change Dir: /Users/reebdeve/CLionProjects/CatLog/cmake-build-debug/CMakeFiles/CMakeTmp

Run Build Command(s):/usr/bin/make -f Makefile cmTC_b784c/fast && /Library/Developer/CommandLineTools/usr/bin/make  -f CMakeFiles/cmTC_b784c.dir/build.make CMakeFiles/cmTC_b784c.dir/build
Building C object CMakeFiles/cmTC_b784c.dir/CheckFunctionExists.c.o
/opt/homebrew/Cellar/gcc/11.2.0/bin/gcc-11   -DCHECK_FUNCTION_EXISTS=snappy_compress -arch arm64 -isysroot /Library/Developer/CommandLineTools/SDKs/MacOSX12.3.sdk -std=c11 -o CMakeFiles/cmTC_b784c.dir/CheckFunctionExists.c.o -c /Applications/CLion.app/Contents/bin/cmake/mac/share/cmake-3.20/Modules/CheckFunctionExists.c
Linking C executable cmTC_b784c
/Applications/CLion.app/Contents/bin/cmake/mac/bin/cmake -E cmake_link_script CMakeFiles/cmTC_b784c.dir/link.txt --verbose=1
/opt/homebrew/Cellar/gcc/11.2.0/bin/gcc-11  -DCHECK_FUNCTION_EXISTS=snappy_compress -arch arm64 -isysroot /Library/Developer/CommandLineTools/SDKs/MacOSX12.3.sdk -Wl,-search_paths_first -Wl,-headerpad_max_install_names CMakeFiles/cmTC_b784c.dir/CheckFunctionExists.c.o -o cmTC_b784c  -lsnappy 
ld: library not found for -lsnappy
collect2: error: ld returned 1 exit status
make[1]: *** [cmTC_b784c] Error 1
make: *** [cmTC_b784c/fast] Error 2



Determining if the function malloc exists in the tcmalloc failed with the following output:
Change Dir: /Users/reebdeve/CLionProjects/CatLog/cmake-build-debug/CMakeFiles/CMakeTmp

Run Build Command(s):/usr/bin/make -f Makefile cmTC_66870/fast && /Library/Developer/CommandLineTools/usr/bin/make  -f CMakeFiles/cmTC_66870.dir/build.make CMakeFiles/cmTC_66870.dir/build
Building C object CMakeFiles/cmTC_66870.dir/CheckFunctionExists.c.o
/opt/homebrew/Cellar/gcc/11.2.0/bin/gcc-11   -DCHECK_FUNCTION_EXISTS=malloc -arch arm64 -isysroot /Library/Developer/CommandLineTools/SDKs/MacOSX12.3.sdk -std=c11 -o CMakeFiles/cmTC_66870.dir/CheckFunctionExists.c.o -c /Applications/CLion.app/Contents/bin/cmake/mac/share/cmake-3.20/Modules/CheckFunctionExists.c
<command-line>: warning: conflicting types for built-in function 'malloc'; expected 'void *(long unsigned int)' [-Wbuiltin-declaration-mismatch]
/Applications/CLion.app/Contents/bin/cmake/mac/share/cmake-3.20/Modules/CheckFunctionExists.c:7:3: note: in expansion of macro 'CHECK_FUNCTION_EXISTS'
    7 |   CHECK_FUNCTION_EXISTS(void);
      |   ^~~~~~~~~~~~~~~~~~~~~
/Applications/CLion.app/Contents/bin/cmake/mac/share/cmake-3.20/Modules/CheckFunctionExists.c:1:1: note: 'malloc' is declared in header '<stdlib.h>'
  +++ |+#include <stdlib.h>
    1 | #ifdef CHECK_FUNCTION_EXISTS
Linking C executable cmTC_66870
/Applications/CLion.app/Contents/bin/cmake/mac/bin/cmake -E cmake_link_script CMakeFiles/cmTC_66870.dir/link.txt --verbose=1
/opt/homebrew/Cellar/gcc/11.2.0/bin/gcc-11  -DCHECK_FUNCTION_EXISTS=malloc -arch arm64 -isysroot /Library/Developer/CommandLineTools/SDKs/MacOSX12.3.sdk -Wl,-search_paths_first -Wl,-headerpad_max_install_names CMakeFiles/cmTC_66870.dir/CheckFunctionExists.c.o -o cmTC_66870  -ltcmalloc 
ld: library not found for -ltcmalloc
collect2: error: ld returned 1 exit status
make[1]: *** [cmTC_66870] Error 1
make: *** [cmTC_66870/fast] Error 2



Determining if the fdatasync exist failed with the following output:
Change Dir: /Users/reebdeve/CLionProjects/CatLog/cmake-build-debug/CMakeFiles/CMakeTmp

Run Build Command(s):/usr/bin/make -f Makefile cmTC_52ad6/fast && /Library/Developer/CommandLineTools/usr/bin/make  -f CMakeFiles/cmTC_52ad6.dir/build.make CMakeFiles/cmTC_52ad6.dir/build
Building CXX object CMakeFiles/cmTC_52ad6.dir/CheckSymbolExists.cxx.o
/opt/homebrew/Cellar/gcc/11.2.0/bin/g++-11   -arch arm64 -isysroot /Library/Developer/CommandLineTools/SDKs/MacOSX12.3.sdk -std=gnu++14 -o CMakeFiles/cmTC_52ad6.dir/CheckSymbolExists.cxx.o -c /Users/reebdeve/CLionProjects/CatLog/cmake-build-debug/CMakeFiles/CMakeTmp/CheckSymbolExists.cxx
/Users/reebdeve/CLionProjects/CatLog/cmake-build-debug/CMakeFiles/CMakeTmp/CheckSymbolExists.cxx: In function 'int main(int, char**)':
/Users/reebdeve/CLionProjects/CatLog/cmake-build-debug/CMakeFiles/CMakeTmp/CheckSymbolExists.cxx:8:19: error: 'fdatasync' was not declared in this scope
    8 |   return ((int*)(&fdatasync))[argc];
      |                   ^~~~~~~~~
make[1]: *** [CMakeFiles/cmTC_52ad6.dir/CheckSymbolExists.cxx.o] Error 1
make: *** [cmTC_52ad6/fast] Error 2


File /Users/reebdeve/CLionProjects/CatLog/cmake-build-debug/CMakeFiles/CMakeTmp/CheckSymbolExists.cxx:
/* */
#include <unistd.h>

int main(int argc, char** argv)
{
  (void)argv;
#ifndef fdatasync
  return ((int*)(&fdatasync))[argc];
#else
  (void)argc;
  return 0;
#endif
}
Performing C++ SOURCE FILE Test HAVE_CLANG_THREAD_SAFETY failed with the following output:
Change Dir: /Users/reebdeve/CLionProjects/CatLog/cmake-build-debug/CMakeFiles/CMakeTmp

Run Build Command(s):/usr/bin/make -f Makefile cmTC_39010/fast && /Library/Developer/CommandLineTools/usr/bin/make  -f CMakeFiles/cmTC_39010.dir/build.make CMakeFiles/cmTC_39010.dir/build
Building CXX object CMakeFiles/cmTC_39010.dir/src.cxx.o
/opt/homebrew/Cellar/gcc/11.2.0/bin/g++-11 -DHAVE_CLANG_THREAD_SAFETY  -fno-exceptions -fno-rtti  -arch arm64 -isysroot /Library/Developer/CommandLineTools/SDKs/MacOSX12.3.sdk   -Wthread-safety -std=gnu++14 -o CMakeFiles/cmTC_39010.dir/src.cxx.o -c /Users/reebdeve/CLionProjects/CatLog/cmake-build-debug/CMakeFiles/CMakeTmp/src.cxx
g++-11: error: unrecognized command-line option '-Wthread-safety'
make[1]: *** [CMakeFiles/cmTC_39010.dir/src.cxx.o] Error 1
make: *** [cmTC_39010/fast] Error 2


Source file was:
int main() { return 0; }
Performing C++ SOURCE FILE Test HAVE_CXX_FLAG_WSHORTEN_64_TO_32 failed with the following output:
Change Dir: /Users/reebdeve/CLionProjects/CatLog/cmake-build-debug/CMakeFiles/CMakeTmp

Run Build Command(s):/usr/bin/make -f Makefile cmTC_020b7/fast && /Library/Developer/CommandLineTools/usr/bin/make  -f CMakeFiles/cmTC_020b7.dir/build.make CMakeFiles/cmTC_020b7.dir/build
Building CXX object CMakeFiles/cmTC_020b7.dir/src.cxx.o
/opt/homebrew/Cellar/gcc/11.2.0/bin/g++-11 -DHAVE_CXX_FLAG_WSHORTEN_64_TO_32  -fno-exceptions -fno-rtti  -std=c++11  -Wall  -Wextra  -Wshadow  -Wsuggest-override  -Wshorten-64-to-32 -arch arm64 -isysroot /Library/Developer/CommandLineTools/SDKs/MacOSX12.3.sdk   -Wshorten-64-to-32 -std=gnu++14 -o CMakeFiles/cmTC_020b7.dir/src.cxx.o -c /Users/reebdeve/CLionProjects/CatLog/cmake-build-debug/CMakeFiles/CMakeTmp/src.cxx
g++-11: error: unrecognized command-line option '-Wshorten-64-to-32'
g++-11: error: unrecognized command-line option '-Wshorten-64-to-32'
make[1]: *** [CMakeFiles/cmTC_020b7.dir/src.cxx.o] Error 1
make: *** [cmTC_020b7/fast] Error 2


Source file was:
int main() { return 0; }
Performing C++ SOURCE FILE Test HAVE_CXX_FLAG_WD654 failed with the following output:
Change Dir: /Users/reebdeve/CLionProjects/CatLog/cmake-build-debug/CMakeFiles/CMakeTmp

Run Build Command(s):/usr/bin/make -f Makefile cmTC_c82b0/fast && /Library/Developer/CommandLineTools/usr/bin/make  -f CMakeFiles/cmTC_c82b0.dir/build.make CMakeFiles/cmTC_c82b0.dir/build
Building CXX object CMakeFiles/cmTC_c82b0.dir/src.cxx.o
/opt/homebrew/Cellar/gcc/11.2.0/bin/g++-11 -DHAVE_CXX_FLAG_WD654  -fno-exceptions -fno-rtti  -std=c++11  -Wall  -Wextra  -Wshadow  -Wsuggest-override  -fstrict-aliasing  -Wno-deprecated-declarations  -fno-exceptions  -Wstrict-aliasing  -wd654 -arch arm64 -isysroot /Library/Developer/CommandLineTools/SDKs/MacOSX12.3.sdk   -wd654 -std=gnu++14 -o CMakeFiles/cmTC_c82b0.dir/src.cxx.o -c /Users/reebdeve/CLionProjects/CatLog/cmake-build-debug/CMakeFiles/CMakeTmp/src.cxx
g++-11: error: unrecognized command-line option '-wd654'
g++-11: error: unrecognized command-line option '-wd654'
make[1]: *** [CMakeFiles/cmTC_c82b0.dir/src.cxx.o] Error 1
make: *** [cmTC_c82b0/fast] Error 2


Source file was:
int main() { return 0; }
Performing C++ SOURCE FILE Test HAVE_CXX_FLAG_WTHREAD_SAFETY failed with the following output:
Change Dir: /Users/reebdeve/CLionProjects/CatLog/cmake-build-debug/CMakeFiles/CMakeTmp

Run Build Command(s):/usr/bin/make -f Makefile cmTC_98b42/fast && /Library/Developer/CommandLineTools/usr/bin/make  -f CMakeFiles/cmTC_98b42.dir/build.make CMakeFiles/cmTC_98b42.dir/build
Building CXX object CMakeFiles/cmTC_98b42.dir/src.cxx.o
/opt/homebrew/Cellar/gcc/11.2.0/bin/g++-11 -DHAVE_CXX_FLAG_WTHREAD_SAFETY  -fno-exceptions -fno-rtti  -std=c++11  -Wall  -Wextra  -Wshadow  -Wsuggest-override  -fstrict-aliasing  -Wno-deprecated-declarations  -fno-exceptions  -Wstrict-aliasing  -Wthread-safety -arch arm64 -isysroot /Library/Developer/CommandLineTools/SDKs/MacOSX12.3.sdk   -Wthread-safety -std=gnu++14 -o CMakeFiles/cmTC_98b42.dir/src.cxx.o -c /Users/reebdeve/CLionProjects/CatLog/cmake-build-debug/CMakeFiles/CMakeTmp/src.cxx
g++-11: error: unrecognized command-line option '-Wthread-safety'
g++-11: error: unrecognized command-line option '-Wthread-safety'
make[1]: *** [CMakeFiles/cmTC_98b42.dir/src.cxx.o] Error 1
make: *** [cmTC_98b42/fast] Error 2


Source file was:
int main() { return 0; }
Performing C++ SOURCE FILE Test HAVE_KYOTOCABINET failed with the following output:
Change Dir: /Users/reebdeve/CLionProjects/CatLog/cmake-build-debug/CMakeFiles/CMakeTmp

Run Build Command(s):/usr/bin/make -f Makefile cmTC_c0bb5/fast && /Library/Developer/CommandLineTools/usr/bin/make  -f CMakeFiles/cmTC_c0bb5.dir/build.make CMakeFiles/cmTC_c0bb5.dir/build
Building CXX object CMakeFiles/cmTC_c0bb5.dir/src.cxx.o
/opt/homebrew/Cellar/gcc/11.2.0/bin/g++-11 -DHAVE_KYOTOCABINET  -fno-exceptions -fno-rtti  -arch arm64 -isysroot /Library/Developer/CommandLineTools/SDKs/MacOSX12.3.sdk -std=gnu++14 -o CMakeFiles/cmTC_c0bb5.dir/src.cxx.o -c /Users/reebdeve/CLionProjects/CatLog/cmake-build-debug/CMakeFiles/CMakeTmp/src.cxx
/Users/reebdeve/CLionProjects/CatLog/cmake-build-debug/CMakeFiles/CMakeTmp/src.cxx:2:10: fatal error: kcpolydb.h: No such file or directory
    2 | #include <kcpolydb.h>
      |          ^~~~~~~~~~~~
compilation terminated.
make[1]: *** [CMakeFiles/cmTC_c0bb5.dir/src.cxx.o] Error 1
make: *** [cmTC_c0bb5/fast] Error 2


Source file was:

#include <kcpolydb.h>

int main() {
  kyotocabinet::TreeDB* db = new kyotocabinet::TreeDB();
  delete db;
  return 0;
}
  
